mode: set
github.com/sleepstars/embypathrefresh/cmd/embypathrefresh/main.go:17.13,23.16 4 0
github.com/sleepstars/embypathrefresh/cmd/embypathrefresh/main.go:23.16,24.13 1 0
github.com/sleepstars/embypathrefresh/cmd/embypathrefresh/main.go:28.2,31.34 4 0
github.com/sleepstars/embypathrefresh/cmd/embypathrefresh/main.go:31.34,33.3 1 0
github.com/sleepstars/embypathrefresh/cmd/embypathrefresh/main.go:35.2,36.16 2 0
github.com/sleepstars/embypathrefresh/cmd/embypathrefresh/main.go:36.16,37.13 1 0
github.com/sleepstars/embypathrefresh/cmd/embypathrefresh/main.go:39.2,42.74 2 0
github.com/sleepstars/embypathrefresh/cmd/embypathrefresh/main.go:42.74,44.3 1 0
github.com/sleepstars/embypathrefresh/cmd/embypathrefresh/main.go:47.2,55.16 2 0
github.com/sleepstars/embypathrefresh/cmd/embypathrefresh/main.go:55.16,57.3 1 0
github.com/sleepstars/embypathrefresh/cmd/embypathrefresh/main.go:58.2,67.16 3 0
github.com/sleepstars/embypathrefresh/cmd/embypathrefresh/main.go:67.16,69.3 1 0
github.com/sleepstars/embypathrefresh/cmd/embypathrefresh/main.go:70.2,72.34 2 0
github.com/sleepstars/embypathrefresh/cmd/embypathrefresh/main.go:72.34,74.3 1 0
github.com/sleepstars/embypathrefresh/cmd/embypathrefresh/main.go:77.2,78.12 2 0
github.com/sleepstars/embypathrefresh/cmd/embypathrefresh/main.go:78.12,79.22 1 0
github.com/sleepstars/embypathrefresh/cmd/embypathrefresh/main.go:79.22,80.46 1 0
github.com/sleepstars/embypathrefresh/cmd/embypathrefresh/main.go:80.46,82.5 1 0
github.com/sleepstars/embypathrefresh/cmd/embypathrefresh/main.go:87.2,92.15 5 0
github.com/sleepstars/embypathrefresh/internal/database/database.go:21.64,23.64 1 0
github.com/sleepstars/embypathrefresh/internal/database/database.go:23.64,25.3 1 0
github.com/sleepstars/embypathrefresh/internal/database/database.go:28.2,29.16 2 0
github.com/sleepstars/embypathrefresh/internal/database/database.go:29.16,31.3 1 0
github.com/sleepstars/embypathrefresh/internal/database/database.go:34.2,35.16 2 0
github.com/sleepstars/embypathrefresh/internal/database/database.go:35.16,37.3 1 0
github.com/sleepstars/embypathrefresh/internal/database/database.go:39.2,39.51 1 0
github.com/sleepstars/embypathrefresh/internal/database/database.go:39.51,41.3 1 0
github.com/sleepstars/embypathrefresh/internal/database/database.go:43.2,46.8 1 0
github.com/sleepstars/embypathrefresh/internal/database/database.go:49.34,51.2 1 0
github.com/sleepstars/embypathrefresh/internal/config/config.go:31.47,34.45 2 0
github.com/sleepstars/embypathrefresh/internal/config/config.go:34.45,36.3 1 0
github.com/sleepstars/embypathrefresh/internal/config/config.go:38.2,39.49 2 0
github.com/sleepstars/embypathrefresh/internal/config/config.go:39.49,41.3 1 0
github.com/sleepstars/embypathrefresh/internal/config/config.go:44.2,47.21 3 0
github.com/sleepstars/embypathrefresh/internal/watcher/watcher.go:26.117,28.16 2 0
github.com/sleepstars/embypathrefresh/internal/watcher/watcher.go:28.16,30.3 1 0
github.com/sleepstars/embypathrefresh/internal/watcher/watcher.go:32.2,40.15 2 0
github.com/sleepstars/embypathrefresh/internal/watcher/watcher.go:43.33,45.92 1 0
github.com/sleepstars/embypathrefresh/internal/watcher/watcher.go:45.92,46.17 1 0
github.com/sleepstars/embypathrefresh/internal/watcher/watcher.go:46.17,48.4 1 0
github.com/sleepstars/embypathrefresh/internal/watcher/watcher.go:49.3,49.19 1 0
github.com/sleepstars/embypathrefresh/internal/watcher/watcher.go:49.19,51.4 1 0
github.com/sleepstars/embypathrefresh/internal/watcher/watcher.go:52.3,52.13 1 0
github.com/sleepstars/embypathrefresh/internal/watcher/watcher.go:53.17,55.3 1 0
github.com/sleepstars/embypathrefresh/internal/watcher/watcher.go:57.2,58.12 2 0
github.com/sleepstars/embypathrefresh/internal/watcher/watcher.go:61.31,62.6 1 0
github.com/sleepstars/embypathrefresh/internal/watcher/watcher.go:62.6,63.10 1 0
github.com/sleepstars/embypathrefresh/internal/watcher/watcher.go:64.40,65.11 1 0
github.com/sleepstars/embypathrefresh/internal/watcher/watcher.go:65.11,67.5 1 0
github.com/sleepstars/embypathrefresh/internal/watcher/watcher.go:69.4,69.49 1 0
github.com/sleepstars/embypathrefresh/internal/watcher/watcher.go:69.49,71.5 1 0
github.com/sleepstars/embypathrefresh/internal/watcher/watcher.go:74.4,74.51 1 0
github.com/sleepstars/embypathrefresh/internal/watcher/watcher.go:74.51,75.69 1 0
github.com/sleepstars/embypathrefresh/internal/watcher/watcher.go:75.69,77.6 1 0
github.com/sleepstars/embypathrefresh/internal/watcher/watcher.go:80.38,81.11 1 0
github.com/sleepstars/embypathrefresh/internal/watcher/watcher.go:81.11,83.5 1 0
github.com/sleepstars/embypathrefresh/internal/watcher/watcher.go:84.4,84.51 1 0
github.com/sleepstars/embypathrefresh/internal/watcher/watcher.go:89.55,94.16 4 0
github.com/sleepstars/embypathrefresh/internal/watcher/watcher.go:94.16,97.3 2 0
github.com/sleepstars/embypathrefresh/internal/watcher/watcher.go:99.2,99.47 1 0
github.com/sleepstars/embypathrefresh/internal/watcher/watcher.go:99.47,101.3 1 0
github.com/sleepstars/embypathrefresh/internal/watcher/watcher.go:103.2,109.56 2 0
github.com/sleepstars/embypathrefresh/internal/watcher/watcher.go:109.56,111.3 1 0
github.com/sleepstars/embypathrefresh/internal/watcher/watcher.go:114.33,116.2 1 0
github.com/sleepstars/embypathrefresh/internal/processor/processor.go:22.128,24.16 2 1
github.com/sleepstars/embypathrefresh/internal/processor/processor.go:24.16,26.3 1 0
github.com/sleepstars/embypathrefresh/internal/processor/processor.go:28.2,29.16 2 1
github.com/sleepstars/embypathrefresh/internal/processor/processor.go:29.16,31.3 1 0
github.com/sleepstars/embypathrefresh/internal/processor/processor.go:33.2,40.8 1 1
github.com/sleepstars/embypathrefresh/internal/processor/processor.go:43.65,48.16 3 1
github.com/sleepstars/embypathrefresh/internal/processor/processor.go:48.16,50.3 1 0
github.com/sleepstars/embypathrefresh/internal/processor/processor.go:51.2,51.12 1 1
github.com/sleepstars/embypathrefresh/internal/processor/processor.go:51.12,53.3 1 0
github.com/sleepstars/embypathrefresh/internal/processor/processor.go:56.2,57.16 2 1
github.com/sleepstars/embypathrefresh/internal/processor/processor.go:57.16,59.3 1 0
github.com/sleepstars/embypathrefresh/internal/processor/processor.go:60.2,64.16 3 1
github.com/sleepstars/embypathrefresh/internal/processor/processor.go:64.16,66.3 1 0
github.com/sleepstars/embypathrefresh/internal/processor/processor.go:67.2,72.16 3 1
github.com/sleepstars/embypathrefresh/internal/processor/processor.go:72.16,74.3 1 0
github.com/sleepstars/embypathrefresh/internal/processor/processor.go:76.2,76.36 1 1
github.com/sleepstars/embypathrefresh/internal/processor/processor.go:76.36,78.3 1 0
github.com/sleepstars/embypathrefresh/internal/processor/processor.go:81.2,81.75 1 1
github.com/sleepstars/embypathrefresh/internal/processor/processor.go:81.75,83.3 1 0
github.com/sleepstars/embypathrefresh/internal/processor/processor.go:86.2,86.72 1 1
github.com/sleepstars/embypathrefresh/internal/processor/processor.go:86.72,88.3 1 0
github.com/sleepstars/embypathrefresh/internal/processor/processor.go:91.2,93.22 3 1
github.com/sleepstars/embypathrefresh/internal/processor/processor.go:93.22,96.3 2 1
github.com/sleepstars/embypathrefresh/internal/processor/processor.go:97.2,110.16 5 1
github.com/sleepstars/embypathrefresh/internal/processor/processor.go:110.16,112.3 1 0
github.com/sleepstars/embypathrefresh/internal/processor/processor.go:114.2,114.12 1 1
github.com/sleepstars/embypathrefresh/internal/processor/processor.go:117.42,124.16 2 0
github.com/sleepstars/embypathrefresh/internal/processor/processor.go:124.16,126.3 1 0
github.com/sleepstars/embypathrefresh/internal/processor/processor.go:127.2,129.18 2 0
github.com/sleepstars/embypathrefresh/internal/processor/processor.go:129.18,132.53 3 0
github.com/sleepstars/embypathrefresh/internal/processor/processor.go:132.53,134.12 2 0
github.com/sleepstars/embypathrefresh/internal/processor/processor.go:137.3,137.47 1 0
github.com/sleepstars/embypathrefresh/internal/processor/processor.go:137.47,138.27 1 0
github.com/sleepstars/embypathrefresh/internal/processor/processor.go:138.27,140.13 2 0
github.com/sleepstars/embypathrefresh/internal/processor/processor.go:144.3,146.17 2 0
github.com/sleepstars/embypathrefresh/internal/processor/processor.go:146.17,148.4 1 0
github.com/sleepstars/embypathrefresh/internal/processor/processor.go:151.2,151.19 1 0
github.com/sleepstars/embypathrefresh/internal/processor/processor.go:154.35,155.41 1 1
github.com/sleepstars/embypathrefresh/internal/processor/processor.go:155.41,157.3 1 0
github.com/sleepstars/embypathrefresh/internal/processor/processor.go:158.2,158.24 1 1
